{"name": "test_6", "status": "failed", "statusDetails": {"message": "AssertionError: assert False", "trace": "@allure.description(\"This is test descript to be printed on the report\")\n    @allure.step(\"This is test step\")\n    @allure.testcase(\"www.testcase6.com\")\n    def test_6():\n        allure.attach.file(\"C:/Users/DELL/Downloads/image.png\", \"ScreenShot\", attachment_type=None, extension=\"PNG\")\n        allure.testcase(\"www.testcase6.com\")\n        sleep(random.randint(0,36))\n>       assert False\nE       assert False\n\nTc02Accounts.py:57: AssertionError"}, "description": "This is test descript to be printed on the report", "steps": [{"name": "This is test step", "status": "failed", "statusDetails": {"message": "AssertionError: assert False\n", "trace": "  File \"c:\\python3.8\\lib\\site-packages\\allure_commons\\_allure.py\", line 157, in impl\n    return func(*a, **kw)\n  File \"C:\\Users\\DELL\\eclipse-workspace\\CDI\\scr\\Accounts\\Tc02Accounts.py\", line 57, in test_6\n    assert False\n"}, "attachments": [{"name": "ScreenShot", "source": "6112dd10-0949-4b18-9050-a116dc7c380d-attachment.PNG"}], "start": 1589511572062, "stop": 1589511586066}], "start": 1589511572059, "stop": 1589511586069, "uuid": "a02d91f7-adcd-475e-af2a-ce84898be51f", "historyId": "c98212c2e66d49fee439c6b28e3b1bce", "testCaseId": "7d067f1b1a320bb8786579576d12e3ba", "fullName": "scr.Accounts.Tc02Accounts#test_6", "labels": [{"name": "parentSuite", "value": "scr.Accounts"}, {"name": "suite", "value": "Tc02Accounts"}, {"name": "host", "value": "GOOGLE"}, {"name": "thread", "value": "6440-MainThread"}, {"name": "framework", "value": "pytest"}, {"name": "language", "value": "cpython3"}, {"name": "package", "value": "scr.Accounts.Tc02Accounts"}], "links": [{"type": "test_case", "url": "www.testcase6.com", "name": "www.testcase6.com"}]}