{"name": "This is testcase nos 13", "status": "failed", "statusDetails": {"message": "AssertionError: assert False", "trace": "@allure.description(\"This is test descript to be printed on the report\")\n    @allure.title(test_title=\"This is testcase nos 13\")\n    @allure_pytest.plugin.allure.step(title=\"This is the plugin title\")\n    def test_13():\n        allure.attach.file(\"C:/Users/DELL/Downloads/image.png\", \"ScreenShot\", attachment_type=None, extension=\"PNG\")\n        sleep(random.randint(0,36))\n>       assert False\nE       assert False\n\nTc02Accounts.py:117: AssertionError"}, "description": "This is test descript to be printed on the report", "steps": [{"name": "This is the plugin title", "status": "failed", "statusDetails": {"message": "AssertionError: assert False\n", "trace": "  File \"c:\\python3.8\\lib\\site-packages\\allure_commons\\_allure.py\", line 157, in impl\n    return func(*a, **kw)\n  File \"C:\\Users\\DELL\\eclipse-workspace\\CDI\\scr\\Accounts\\Tc02Accounts.py\", line 117, in test_13\n    assert False\n"}, "attachments": [{"name": "ScreenShot", "source": "c1dc08e1-5071-496b-b7c3-b717b18d7a70-attachment.PNG"}], "start": 1588869081926, "stop": 1588869083928}], "start": 1588869081925, "stop": 1588869083929, "uuid": "29a80a65-f160-45dc-9d2f-59cadc849863", "historyId": "2a4779e62beb00e8de350a60145baa24", "testCaseId": "2be40f5234f43c9b8b489f5488545d22", "fullName": "scr.Accounts.Tc02Accounts#test_13", "labels": [{"name": "parentSuite", "value": "scr.Accounts"}, {"name": "suite", "value": "Tc02Accounts"}, {"name": "host", "value": "GOOGLE"}, {"name": "thread", "value": "4592-MainThread"}, {"name": "framework", "value": "pytest"}, {"name": "language", "value": "cpython3"}, {"name": "package", "value": "scr.Accounts.Tc02Accounts"}]}