{"name": "test_9", "status": "failed", "statusDetails": {"message": "AssertionError: assert False", "trace": "@allure.description(\"This is test descript to be printed on the report\")\n    @allure.step(\"This is test step\")\n    @allure.description_html(\"This is HTML Description to be displayed\")\n    def test_9():\n        allure.attach.file(\"C:/Users/DELL/Downloads/image.png\", \"ScreenShot\", attachment_type=None, extension=\"PNG\")\n        allure.testcase(\"www.testcase7.com\")\n        sleep(random.randint(0,36))\n>       assert False\nE       assert False\n\nTc02Accounts.py:82: AssertionError"}, "description": "This is test descript to be printed on the report", "descriptionHtml": "This is HTML Description to be displayed", "steps": [{"name": "This is test step", "status": "failed", "statusDetails": {"message": "AssertionError: assert False\n", "trace": "  File \"c:\\python3.8\\lib\\site-packages\\allure_commons\\_allure.py\", line 157, in impl\n    return func(*a, **kw)\n  File \"C:\\Users\\DELL\\eclipse-workspace\\CDI\\scr\\Accounts\\Tc02Accounts.py\", line 82, in test_9\n    assert False\n"}, "attachments": [{"name": "ScreenShot", "source": "bf08f5e9-a98c-4e84-8cb7-3369e1a57528-attachment.PNG"}], "start": 1588868969421, "stop": 1588869000426}], "start": 1588868969420, "stop": 1588869000430, "uuid": "57ad2a27-8659-4925-aa34-c565dcc837fc", "historyId": "ca942be5ffbe8a9e80a10d4fd0df2b47", "testCaseId": "f30dbccee81684b0e6617d621ee127f2", "fullName": "scr.Accounts.Tc02Accounts#test_9", "labels": [{"name": "parentSuite", "value": "scr.Accounts"}, {"name": "suite", "value": "Tc02Accounts"}, {"name": "host", "value": "GOOGLE"}, {"name": "thread", "value": "4592-MainThread"}, {"name": "framework", "value": "pytest"}, {"name": "language", "value": "cpython3"}, {"name": "package", "value": "scr.Accounts.Tc02Accounts"}]}