{"name": "test_8", "status": "failed", "statusDetails": {"message": "AssertionError: assert False", "trace": "@allure.description(\"This is test descript to be printed on the report\")\n    @allure.step(\"This is test step\")\n    @allure.testcase(\"www.testcase1.com\")\n    def test_8():\n        allure.attach.file(\"C:/Users/DELL/Downloads/image.png\", \"ScreenShot\", attachment_type=None, extension=\"PNG\")\n        allure.testcase(\"www.testcase7.com\")\n        sleep(random.randint(0,36))\n>       assert False\nE       assert False\n\nTc02Accounts.py:73: AssertionError"}, "description": "This is test descript to be printed on the report", "steps": [{"name": "This is test step", "status": "failed", "statusDetails": {"message": "AssertionError: assert False\n", "trace": "  File \"c:\\python3.8\\lib\\site-packages\\allure_commons\\_allure.py\", line 157, in impl\n    return func(*a, **kw)\n  File \"C:\\Users\\DELL\\eclipse-workspace\\CDI\\scr\\Accounts\\Tc02Accounts.py\", line 73, in test_8\n    assert False\n"}, "attachments": [{"name": "ScreenShot", "source": "8f00b641-fc09-4886-a69c-5a1ae4bb755f-attachment.PNG"}], "start": 1588871737977, "stop": 1588871749981}], "start": 1588871737977, "stop": 1588871749983, "uuid": "27895063-1803-4e7e-812f-78890002311d", "historyId": "4eb01323afca453e25dff089cf2b46a0", "testCaseId": "a4f9ec24f983d5b131fe6f7342eec061", "fullName": "scr.Accounts.Tc02Accounts#test_8", "labels": [{"name": "parentSuite", "value": "scr.Accounts"}, {"name": "suite", "value": "Tc02Accounts"}, {"name": "host", "value": "GOOGLE"}, {"name": "thread", "value": "1268-MainThread"}, {"name": "framework", "value": "pytest"}, {"name": "language", "value": "cpython3"}, {"name": "package", "value": "scr.Accounts.Tc02Accounts"}], "links": [{"type": "test_case", "url": "www.testcase1.com", "name": "www.testcase1.com"}]}