{"name": "This is testcase nos 13", "status": "failed", "statusDetails": {"message": "AssertionError: assert False", "trace": "@allure.description(\"This is test descript to be printed on the report\")\n    @allure.title(test_title=\"This is testcase nos 13\")\n    @allure_pytest.plugin.allure.step(title=\"This is the plugin title\")\n    def test_13():\n        allure.attach.file(\"C:/Users/DELL/Downloads/image.png\", \"ScreenShot\", attachment_type=None, extension=\"PNG\")\n        sleep(random.randint(0,36))\n>       assert False\nE       assert False\n\nTc02Accounts.py:117: AssertionError"}, "description": "This is test descript to be printed on the report", "steps": [{"name": "This is the plugin title", "status": "failed", "statusDetails": {"message": "AssertionError: assert False\n", "trace": "  File \"c:\\python3.8\\lib\\site-packages\\allure_commons\\_allure.py\", line 157, in impl\n    return func(*a, **kw)\n  File \"C:\\Users\\DELL\\eclipse-workspace\\CDI\\scr\\Accounts\\Tc02Accounts.py\", line 117, in test_13\n    assert False\n"}, "attachments": [{"name": "ScreenShot", "source": "1b1b730c-b212-4d90-92df-e7f4e86c2757-attachment.PNG"}], "start": 1588871863285, "stop": 1588871889298}], "start": 1588871863284, "stop": 1588871889299, "uuid": "b7c5d7ad-3721-4b17-a085-d5226569efb3", "historyId": "2a4779e62beb00e8de350a60145baa24", "testCaseId": "2be40f5234f43c9b8b489f5488545d22", "fullName": "scr.Accounts.Tc02Accounts#test_13", "labels": [{"name": "parentSuite", "value": "scr.Accounts"}, {"name": "suite", "value": "Tc02Accounts"}, {"name": "host", "value": "GOOGLE"}, {"name": "thread", "value": "1268-MainThread"}, {"name": "framework", "value": "pytest"}, {"name": "language", "value": "cpython3"}, {"name": "package", "value": "scr.Accounts.Tc02Accounts"}]}