{"name": "test_21", "status": "failed", "statusDetails": {"message": "AssertionError: assert False", "trace": "@allure.description(\"This is test descript to be printed on the report\")\n    @allure.step(\"This is test step\")\n    @allure.description_html(\"This is HTML Description to be displayed\")\n    def test_21():\n        allure.attach.file(\"C:/Users/DELL/Downloads/image.png\", \"ScreenShot\", attachment_type=None, extension=\"PNG\")\n        allure.testcase(\"www.testcase7.com\")\n>       assert False\nE       assert False\n\nTc03Accounts.py:85: AssertionError"}, "description": "This is test descript to be printed on the report", "descriptionHtml": "This is HTML Description to be displayed", "steps": [{"name": "This is test step", "status": "failed", "statusDetails": {"message": "AssertionError: assert False\n", "trace": "  File \"c:\\python3.8\\lib\\site-packages\\allure_commons\\_allure.py\", line 157, in impl\n    return func(*a, **kw)\n  File \"C:\\Users\\DELL\\eclipse-workspace\\CDI\\scr\\Accounts\\Tc03Accounts.py\", line 85, in test_21\n    assert False\n"}, "attachments": [{"name": "ScreenShot", "source": "3c82a479-a5ce-4f3c-aed8-a7b7238630b6-attachment.PNG"}], "start": 1588869131140, "stop": 1588869131142}], "start": 1588869131139, "stop": 1588869131143, "uuid": "a5ff57ea-a786-4967-8e4c-795b801c0f2f", "historyId": "1283f887537596dc82ab5cef6a32bdf9", "testCaseId": "8a9fcfac1cd73713e5f099d3d4bf1e0b", "fullName": "scr.Accounts.Tc03Accounts#test_21", "labels": [{"name": "parentSuite", "value": "scr.Accounts"}, {"name": "suite", "value": "Tc03Accounts"}, {"name": "host", "value": "GOOGLE"}, {"name": "thread", "value": "4592-MainThread"}, {"name": "framework", "value": "pytest"}, {"name": "language", "value": "cpython3"}, {"name": "package", "value": "scr.Accounts.Tc03Accounts"}]}