{"name": "test_19", "status": "failed", "statusDetails": {"message": "AssertionError: assert False", "trace": "@allure.description(\"This is test descript to be printed on the report\")\n    @allure.step(\"This is test step\")\n    @allure.testcase(\"www.testcase1.com\")\n    @allure.severity(severity_level=\"BLOCKER\")\n    def test_19():\n        allure.attach.file(\"C:/Users/DELL/Downloads/image.png\", \"ScreenShot\", attachment_type=None, extension=\"PNG\")\n        allure.testcase(\"www.testcase7.com\")\n        sleep(random.randint(0,36))\n>       assert False\nE       assert False\n\nTc03Accounts.py:68: AssertionError"}, "description": "This is test descript to be printed on the report", "steps": [{"name": "This is test step", "status": "failed", "statusDetails": {"message": "AssertionError: assert False\n", "trace": "  File \"c:\\python3.8\\lib\\site-packages\\allure_commons\\_allure.py\", line 157, in impl\n    return func(*a, **kw)\n  File \"C:\\Users\\DELL\\eclipse-workspace\\CDI\\scr\\Accounts\\Tc03Accounts.py\", line 68, in test_19\n    assert False\n"}, "attachments": [{"name": "ScreenShot", "source": "533d5326-20ba-41e6-ac88-1785c6f84af8-attachment.PNG"}], "start": 1588869120087, "stop": 1588869124090}], "start": 1588869120087, "stop": 1588869124091, "uuid": "c3869f84-d140-4810-8344-74af90845c35", "historyId": "77618f5b9b724460109dec3bae077bd6", "testCaseId": "8a8e732dff21091c293cd16c424db97e", "fullName": "scr.Accounts.Tc03Accounts#test_19", "labels": [{"name": "severity", "value": "BLOCKER"}, {"name": "parentSuite", "value": "scr.Accounts"}, {"name": "suite", "value": "Tc03Accounts"}, {"name": "host", "value": "GOOGLE"}, {"name": "thread", "value": "4592-MainThread"}, {"name": "framework", "value": "pytest"}, {"name": "language", "value": "cpython3"}, {"name": "package", "value": "scr.Accounts.Tc03Accounts"}], "links": [{"type": "test_case", "url": "www.testcase1.com", "name": "www.testcase1.com"}]}