{"name": "test_3", "status": "failed", "statusDetails": {"message": "AssertionError: assert False", "trace": "@allure.description(\"This is test case 3 to be printed on the report\")\n    @allure.step(\"This is test step\")\n    def test_3():\n        allure.attach.file(\"C:/Users/DELL/Downloads/image.png\", \"ScreenShot\", attachment_type=None, extension=\"PNG\")\n        allure.testcase(\"www.testcase3.com\")\n        sleep(random.randint(0,36))\n>       assert False\nE       assert False\n\nTc02Accounts.py:39: AssertionError"}, "description": "This is test case 3 to be printed on the report", "steps": [{"name": "This is test step", "status": "failed", "statusDetails": {"message": "AssertionError: assert False\n", "trace": "  File \"c:\\python3.8\\lib\\site-packages\\allure_commons\\_allure.py\", line 157, in impl\n    return func(*a, **kw)\n  File \"C:\\Users\\DELL\\eclipse-workspace\\CDI\\scr\\Accounts\\Tc02Accounts.py\", line 39, in test_3\n    assert False\n"}, "attachments": [{"name": "ScreenShot", "source": "17c48a14-d303-4131-9cd2-843b31d2a782-attachment.PNG"}], "start": 1588871693525, "stop": 1588871707530}], "start": 1588871693524, "stop": 1588871707533, "uuid": "acc6e981-f154-4e0d-be4e-e6e9527169c1", "historyId": "00736e1b4cdd0e16b120c09b91258cff", "testCaseId": "8f226765478439c499e64f49c31e74c7", "fullName": "scr.Accounts.Tc02Accounts#test_3", "labels": [{"name": "parentSuite", "value": "scr.Accounts"}, {"name": "suite", "value": "Tc02Accounts"}, {"name": "host", "value": "GOOGLE"}, {"name": "thread", "value": "1268-MainThread"}, {"name": "framework", "value": "pytest"}, {"name": "language", "value": "cpython3"}, {"name": "package", "value": "scr.Accounts.Tc02Accounts"}]}