{"name": "test_12", "status": "failed", "statusDetails": {"message": "AssertionError: assert False", "trace": "@allure.description(\"This is test descript to be printed on the report\")\n    # @allure.step(\"This is test step\")\n    @allure.description_html(\"This is HTML Description to be displayed\")\n    def test_12():\n        allure.attach.file(\"C:/Users/DELL/Downloads/image.png\", \"ScreenShot\", attachment_type=None, extension=\"PNG\")\n        sleep(random.randint(0,36))\n        allure_pytest.plugin.allure.step(title=\"This is the plugin title\")\n>       assert False\nE       assert False\n\nTc02Accounts.py:109: AssertionError"}, "description": "This is test descript to be printed on the report", "descriptionHtml": "This is HTML Description to be displayed", "attachments": [{"name": "ScreenShot", "source": "b4847a72-d26a-4801-8add-4ef5f496e71e-attachment.PNG"}], "start": 1588869055850, "stop": 1588869081861, "uuid": "ac4602ea-ba25-4f06-b0d2-6d93417739c4", "historyId": "2111612cd6d0d32879e03407fddc0a95", "testCaseId": "2fe4946e3649603289656d6b906d8ad6", "fullName": "scr.Accounts.Tc02Accounts#test_12", "labels": [{"name": "parentSuite", "value": "scr.Accounts"}, {"name": "suite", "value": "Tc02Accounts"}, {"name": "host", "value": "GOOGLE"}, {"name": "thread", "value": "4592-MainThread"}, {"name": "framework", "value": "pytest"}, {"name": "language", "value": "cpython3"}, {"name": "package", "value": "scr.Accounts.Tc02Accounts"}]}